01:47:37 **** Incremental Build of configuration Debug for project lpc_chip_175x_6x ****
make -r all 
make: Nothing to be done for 'all'.
01:47:41 **** Incremental Build of configuration Debug for project DSO ****
make -r -j2 all 
make: Nothing to be done for 'all'.
01:47:57 **** Incremental Build of configuration Debug for project DSO ****
make -r -j2 all 
make: Nothing to be done for 'all'.
01:49:53 **** Clean-only build of configuration Debug for project DSO ****
make -r -j2 clean 
rm -rf  ./example/src/tasks/task-Clean_Room_controller_lpc1769.o ./example/src/tasks/task-Door1_switch_lpc1769.o ./example/src/tasks/task-Door2_switch_lpc1769.o ./example/src/tasks/task-Emergency_switch_lpc1769.o ./example/src/tasks/task-LockDoor1_led_lpc1769.o ./example/src/tasks/task-LockDoor2_led_lpc1769.o ./example/src/tasks/task-heartbeat_lpc1769.o ./example/src/tasks/task-pantalla.o ./example/src/tasks/task-s3_switch_lpc1769.o ./example/src/tasks/task-watchdog_lpc1769.o  ./example/src/pantalla_TFT/DefaultFonts.o ./example/src/pantalla_TFT/HW_lpc1769.o ./example/src/pantalla_TFT/UTFT.o  ./example/src/main/cr_startup_lpc175x_6x.o ./example/src/main/main.o ./example/src/main/sysinit.o  ./example/src/c-tds/monittor_lpc1769.o ./example/src/c-tds/scheduler_lpc1769.o ./example/src/c-tds/system_lpc1769.o  ./example/src/tasks/task-Clean_Room_controller_lpc1769.d ./example/src/tasks/task-Door1_switch_lpc1769.d ./example/src/tasks/task-Door2_switch_lpc1769.d ./example/src/tasks/task-Emergency_switch_lpc1769.d ./example/src/tasks/task-LockDoor1_led_lpc1769.d ./example/src/tasks/task-LockDoor2_led_lpc1769.d ./example/src/tasks/task-heartbeat_lpc1769.d ./example/src/tasks/task-pantalla.d ./example/src/tasks/task-s3_switch_lpc1769.d ./example/src/tasks/task-watchdog_lpc1769.d  ./example/src/pantalla_TFT/DefaultFonts.d ./example/src/pantalla_TFT/HW_lpc1769.d ./example/src/pantalla_TFT/UTFT.d  ./example/src/main/cr_startup_lpc175x_6x.d ./example/src/main/main.d ./example/src/main/sysinit.d  ./example/src/c-tds/monittor_lpc1769.d ./example/src/c-tds/scheduler_lpc1769.d ./example/src/c-tds/system_lpc1769.d  DSO.axf
 
01:49:54 **** Clean-only build of configuration Debug for project TFT ****
make -r -j2 clean 
rm -rf  ./src/DefaultFonts.o ./src/HW_lpc1769.o ./src/TFT.o ./src/UTFT.o ./src/cr_startup_lpc175x_6x.o ./src/crp.o ./src/sysinit.o  ./src/DefaultFonts.d ./src/HW_lpc1769.d ./src/TFT.d ./src/UTFT.d ./src/cr_startup_lpc175x_6x.d ./src/crp.d ./src/sysinit.d  TFT.axf
 
01:49:54 **** Clean-only build of configuration Debug for project lpc_board_nxp_lpcxpresso_1769 ****
make -r clean 
rm -rf  ./src/board.o ./src/board_sysinit.o ./src/lpc_phy_smsc87x0.o  ./src/board.d ./src/board_sysinit.d ./src/lpc_phy_smsc87x0.d  liblpc_board_nxp_lpcxpresso_1769.a
 
01:49:54 **** Clean-only build of configuration Debug for project lpc_chip_175x_6x ****
make -r clean 
rm -rf  ./src/adc_17xx_40xx.o ./src/can_17xx_40xx.o ./src/chip_17xx_40xx.o ./src/clock_17xx_40xx.o ./src/cmp_17xx_40xx.o ./src/crc_17xx_40xx.o ./src/dac_17xx_40xx.o ./src/eeprom_17xx_40xx.o ./src/emc_17xx_40xx.o ./src/enet_17xx_40xx.o ./src/gpdma_17xx_40xx.o ./src/gpio_17xx_40xx.o ./src/gpioint_17xx_40xx.o ./src/i2c_17xx_40xx.o ./src/i2s_17xx_40xx.o ./src/iap.o ./src/iocon_17xx_40xx.o ./src/lcd_17xx_40xx.o ./src/pmu_17xx_40xx.o ./src/ring_buffer.o ./src/ritimer_17xx_40xx.o ./src/rtc_17xx_40xx.o ./src/sdc_17xx_40xx.o ./src/sdmmc_17xx_40xx.o ./src/spi_17xx_40xx.o ./src/ssp_17xx_40xx.o ./src/stopwatch_17xx_40xx.o ./src/sysctl_17xx_40xx.o ./src/sysinit_17xx_40xx.o ./src/timer_17xx_40xx.o ./src/uart_17xx_40xx.o ./src/wwdt_17xx_40xx.o  ./src/adc_17xx_40xx.d ./src/can_17xx_40xx.d ./src/chip_17xx_40xx.d ./src/clock_17xx_40xx.d ./src/cmp_17xx_40xx.d ./src/crc_17xx_40xx.d ./src/dac_17xx_40xx.d ./src/eeprom_17xx_40xx.d ./src/emc_17xx_40xx.d ./src/enet_17xx_40xx.d ./src/gpdma_17xx_40xx.d ./src/gpio_17xx_40xx.d ./src/gpioint_17xx_40xx.d ./src/i2c_17xx_40xx.d ./src/i2s_17xx_40xx.d ./src/iap.d ./src/iocon_17xx_40xx.d ./src/lcd_17xx_40xx.d ./src/pmu_17xx_40xx.d ./src/ring_buffer.d ./src/ritimer_17xx_40xx.d ./src/rtc_17xx_40xx.d ./src/sdc_17xx_40xx.d ./src/sdmmc_17xx_40xx.d ./src/spi_17xx_40xx.d ./src/ssp_17xx_40xx.d ./src/stopwatch_17xx_40xx.d ./src/sysctl_17xx_40xx.d ./src/sysinit_17xx_40xx.d ./src/timer_17xx_40xx.d ./src/uart_17xx_40xx.d ./src/wwdt_17xx_40xx.d  liblpc_chip_175x_6x.a
 
